
RAxML-NG v. 1.1.0 released on 29.11.2021 by The Exelixis Lab.
Developed by: Alexey M. Kozlov and Alexandros Stamatakis.
Contributors: Diego Darriba, Tomas Flouri, Benoit Morel, Sarah Lutteropp, Ben Bettisworth.
Latest version: https://github.com/amkozlov/raxml-ng
Questions/problems/suggestions? Please visit: https://groups.google.com/forum/#!forum/raxml

System: AMD Opteron 63xx class CPU, 1 cores, 115 GB RAM

RAxML-NG was called at 18-Mar-2022 00:54:10 as follows:

raxml-ng --msa 3_msa.raxml.rba -blmin 0.000000000001 -blopt nr_safe --threads auto{15} --seed 2 --prefix raxml3

Analysis options:
  run mode: ML tree search
  start tree(s): random (10) + parsimony (10)
  random seed: 2
  tip-inner: OFF
  pattern compression: ON
  per-rate scalers: OFF
  site repeats: ON
  fast spr radius: AUTO
  spr subtree cutoff: 1.000000
  branch lengths: proportional (ML estimate, algorithm: NR-SAFE)
  SIMD kernels: AVX
  parallelization: coarse-grained (auto), PTHREADS (auto)

[00:00:00] Loading binary alignment from file: 3_msa.raxml.rba
[00:00:00] Alignment comprises 13241 taxa, 1 partitions and 5260 patterns

Partition 0: noname
Model: GTR+FO+G4m
Alignment sites / patterns: 29903 / 5260
Gaps: 0.00 %
Invariant sites: 81.56 %


Parallelization scheme autoconfig: 3 worker(s) x 5 thread(s)


NOTE: Per-rate scalers were automatically enabled to prevent numerical issues on taxa-rich alignments.
NOTE: You can use --force switch to skip this check and fall back to per-site scalers.

Parallel reduction/worker buffer size: 1 KB  / 0 KB

[00:00:00] Generating 10 random starting tree(s) with 13241 taxa
[00:00:00] Generating 10 parsimony starting tree(s) with 13241 taxa
[01:18:35] Data distribution: max. partitions/sites/weight per thread: 1 / 1052 / 16832
[01:18:35] Data distribution: max. searches per worker: 7

Starting ML tree search with 20 distinct starting trees

[01:18:46 -11220690.265092] Initial branch length optimization
[01:24:27 -653160.221477] Model parameter optimization (eps = 10.000000)
[01:47:44 -426129.774655] AUTODETECT spr round 1 (radius: 5)
[03:55:19 -355755.091969] AUTODETECT spr round 2 (radius: 10)
[06:07:26 -309709.854737] AUTODETECT spr round 3 (radius: 15)

RAxML-NG v. 1.1.0 released on 29.11.2021 by The Exelixis Lab.
Developed by: Alexey M. Kozlov and Alexandros Stamatakis.
Contributors: Diego Darriba, Tomas Flouri, Benoit Morel, Sarah Lutteropp, Ben Bettisworth.
Latest version: https://github.com/amkozlov/raxml-ng
Questions/problems/suggestions? Please visit: https://groups.google.com/forum/#!forum/raxml

System: AMD Opteron 63xx class CPU, 1 cores, 115 GB RAM

RAxML-NG was called at 21-Mar-2022 19:35:44 as follows:

raxml-ng --msa 3_msa.raxml.rba -blmin 0.00000000001 -blopt nr_safe --threads auto{15} --seed 2 --prefix raxml3

Analysis options:
  run mode: ML tree search
  start tree(s): random (10) + parsimony (10)
  random seed: 2
  tip-inner: OFF
  pattern compression: ON
  per-rate scalers: OFF
  site repeats: ON
  fast spr radius: AUTO
  spr subtree cutoff: 1.000000
  branch lengths: proportional (ML estimate, algorithm: NR-SAFE)
  SIMD kernels: AVX
  parallelization: coarse-grained (auto), PTHREADS (auto)

[00:00:00] Loading binary alignment from file: 3_msa.raxml.rba
[00:00:00] Alignment comprises 13241 taxa, 1 partitions and 5260 patterns

Partition 0: noname
Model: GTR+FO+G4m
Alignment sites / patterns: 29903 / 5260
Gaps: 0.00 %
Invariant sites: 81.56 %


Parallelization scheme autoconfig: 3 worker(s) x 5 thread(s)


NOTE: Per-rate scalers were automatically enabled to prevent numerical issues on taxa-rich alignments.
NOTE: You can use --force switch to skip this check and fall back to per-site scalers.

Parallel reduction/worker buffer size: 1 KB  / 0 KB

[00:00:01] NOTE: Resuming execution from checkpoint (logLH: -309709.85, ML trees: 0, bootstraps: 0)
[00:00:01] Data distribution: max. partitions/sites/weight per thread: 1 / 1052 / 16832
[00:00:01] Data distribution: max. searches per worker: 7

Starting ML tree search with 20 distinct starting trees

[00:00:10 -309709.854737] AUTODETECT spr round 3 (radius: 15)

RAxML-NG v. 1.1.0 released on 29.11.2021 by The Exelixis Lab.
Developed by: Alexey M. Kozlov and Alexandros Stamatakis.
Contributors: Diego Darriba, Tomas Flouri, Benoit Morel, Sarah Lutteropp, Ben Bettisworth.
Latest version: https://github.com/amkozlov/raxml-ng
Questions/problems/suggestions? Please visit: https://groups.google.com/forum/#!forum/raxml

System: AMD Opteron 63xx class CPU, 1 cores, 115 GB RAM

RAxML-NG was called at 21-Mar-2022 19:37:12 as follows:

raxml-ng --rate-scalers on --msa 3_msa.raxml.rba -blmin 0.000000000001 -blopt nr_safe --threads auto{15} --seed 2 --prefix raxml3

Analysis options:
  run mode: ML tree search
  start tree(s): random (10) + parsimony (10)
  random seed: 2
  tip-inner: OFF
  pattern compression: ON
  per-rate scalers: ON
  site repeats: ON
  fast spr radius: AUTO
  spr subtree cutoff: 1.000000
  branch lengths: proportional (ML estimate, algorithm: NR-SAFE)
  SIMD kernels: AVX
  parallelization: coarse-grained (auto), PTHREADS (auto)

[00:00:00] Loading binary alignment from file: 3_msa.raxml.rba
[00:00:00] Alignment comprises 13241 taxa, 1 partitions and 5260 patterns

Partition 0: noname
Model: GTR+FO+G4m
Alignment sites / patterns: 29903 / 5260
Gaps: 0.00 %
Invariant sites: 81.56 %


Parallelization scheme autoconfig: 3 worker(s) x 5 thread(s)

Parallel reduction/worker buffer size: 1 KB  / 0 KB

[00:00:01] NOTE: Resuming execution from checkpoint (logLH: -309709.85, ML trees: 0, bootstraps: 0)
[00:00:01] Data distribution: max. partitions/sites/weight per thread: 1 / 1052 / 16832
[00:00:01] Data distribution: max. searches per worker: 7

Starting ML tree search with 20 distinct starting trees

[00:00:10 -309709.854737] AUTODETECT spr round 3 (radius: 15)

RAxML-NG v. 1.1.0 released on 29.11.2021 by The Exelixis Lab.
Developed by: Alexey M. Kozlov and Alexandros Stamatakis.
Contributors: Diego Darriba, Tomas Flouri, Benoit Morel, Sarah Lutteropp, Ben Bettisworth.
Latest version: https://github.com/amkozlov/raxml-ng
Questions/problems/suggestions? Please visit: https://groups.google.com/forum/#!forum/raxml

System: AMD Opteron 63xx class CPU, 1 cores, 115 GB RAM

RAxML-NG was called at 22-Mar-2022 22:09:16 as follows:

raxml-ng --rate-scalers on --msa 3_msa.raxml.rba -blmin 0.00000000001 -blopt nr_safe --threads auto{15} --seed 2 --prefix raxml3

Analysis options:
  run mode: ML tree search
  start tree(s): random (10) + parsimony (10)
  random seed: 2
  tip-inner: OFF
  pattern compression: ON
  per-rate scalers: ON
  site repeats: ON
  fast spr radius: AUTO
  spr subtree cutoff: 1.000000
  branch lengths: proportional (ML estimate, algorithm: NR-SAFE)
  SIMD kernels: AVX
  parallelization: coarse-grained (auto), PTHREADS (auto)

[00:00:00] Loading binary alignment from file: 3_msa.raxml.rba
[00:00:00] Alignment comprises 13241 taxa, 1 partitions and 5260 patterns

Partition 0: noname
Model: GTR+FO+G4m
Alignment sites / patterns: 29903 / 5260
Gaps: 0.00 %
Invariant sites: 81.56 %


Parallelization scheme autoconfig: 3 worker(s) x 5 thread(s)

Parallel reduction/worker buffer size: 1 KB  / 0 KB

[00:00:01] NOTE: Resuming execution from checkpoint (logLH: -309709.85, ML trees: 0, bootstraps: 0)
[00:00:01] Data distribution: max. partitions/sites/weight per thread: 1 / 1052 / 16832
[00:00:01] Data distribution: max. searches per worker: 7

Starting ML tree search with 20 distinct starting trees

[00:00:10 -309709.854737] AUTODETECT spr round 3 (radius: 15)
[02:17:26 -279683.505841] AUTODETECT spr round 4 (radius: 20)
[05:06:01 -253226.835410] AUTODETECT spr round 5 (radius: 25)
[07:37:27 -235555.890019] SPR radius for FAST iterations: 25 (autodetect)
[07:37:28 -235555.890019] Model parameter optimization (eps = 3.000000)
[07:45:00 -231743.293911] FAST spr round 1 (radius: 25)
[11:35:29 -206352.308134] FAST spr round 2 (radius: 25)
[14:39:22 -202375.519472] FAST spr round 3 (radius: 25)
[17:13:56 -201589.467487] FAST spr round 4 (radius: 25)
[19:38:05 -201400.788977] FAST spr round 5 (radius: 25)
[22:02:20 -201380.834671] FAST spr round 6 (radius: 25)
[24:26:14 -201380.834636] Model parameter optimization (eps = 1.000000)
[24:31:02 -201072.817196] SLOW spr round 1 (radius: 5)
[26:36:22 -201070.270473] SLOW spr round 2 (radius: 5)
[28:38:55 -201070.270236] SLOW spr round 3 (radius: 10)
[30:56:02 -201061.116998] SLOW spr round 4 (radius: 5)
[32:58:22 -201061.116988] SLOW spr round 5 (radius: 10)
[35:15:36 -201061.116988] SLOW spr round 6 (radius: 15)
[37:52:52 -201027.871254] SLOW spr round 7 (radius: 5)
[39:54:45 -201027.871237] SLOW spr round 8 (radius: 10)
[42:11:57 -201027.871237] SLOW spr round 9 (radius: 15)
[44:47:37 -201027.871237] SLOW spr round 10 (radius: 20)
[47:48:45 -199000.975707] SLOW spr round 11 (radius: 5)
[49:58:56 -198095.705882] SLOW spr round 12 (radius: 5)
[52:04:56 -197984.513372] SLOW spr round 13 (radius: 5)
[54:07:33 -197984.513147] SLOW spr round 14 (radius: 10)
[56:30:31 -196621.076993] SLOW spr round 15 (radius: 5)
[58:37:36 -196010.137458] SLOW spr round 16 (radius: 5)
[60:43:28 -195976.434978] SLOW spr round 17 (radius: 5)
[62:48:23 -195934.508142] SLOW spr round 18 (radius: 5)
[64:53:18 -195934.507987] SLOW spr round 19 (radius: 10)
[67:14:10 -194844.410337] SLOW spr round 20 (radius: 5)
[69:20:18 -194633.695223] SLOW spr round 21 (radius: 5)
[71:24:37 -194633.694862] SLOW spr round 22 (radius: 10)
[73:46:34 -194005.624500] SLOW spr round 23 (radius: 5)
[75:53:14 -193729.600930] SLOW spr round 24 (radius: 5)
[77:57:36 -193702.289855] SLOW spr round 25 (radius: 5)
[80:00:16 -193702.289775] SLOW spr round 26 (radius: 10)
[82:20:53 -193304.610223] SLOW spr round 27 (radius: 5)
[84:24:56 -193226.823650] SLOW spr round 28 (radius: 5)
[86:26:30 -193226.823318] SLOW spr round 29 (radius: 10)
[88:46:32 -193119.562427] SLOW spr round 30 (radius: 5)
[90:49:24 -193112.121146] SLOW spr round 31 (radius: 5)
[92:51:50 -193112.121144] SLOW spr round 32 (radius: 10)
[95:08:24 -193101.377422] SLOW spr round 33 (radius: 5)
[97:10:33 -193101.377420] SLOW spr round 34 (radius: 10)
[99:27:13 -193101.377420] SLOW spr round 35 (radius: 15)
[101:59:17 -192651.487200] SLOW spr round 36 (radius: 5)
[104:07:41 -192459.231113] SLOW spr round 37 (radius: 5)
[106:09:59 -192459.230910] SLOW spr round 38 (radius: 10)
[108:33:07 -192107.114122] SLOW spr round 39 (radius: 5)
[110:40:20 -192049.335733] SLOW spr round 40 (radius: 5)
[112:45:14 -192049.335733] SLOW spr round 41 (radius: 10)
[115:03:57 -191995.513451] SLOW spr round 42 (radius: 5)
[117:07:29 -191980.255350] SLOW spr round 43 (radius: 5)
[119:11:35 -191980.255331] SLOW spr round 44 (radius: 10)
[121:29:50 -191980.255331] SLOW spr round 45 (radius: 15)
[124:02:49 -191676.295528] SLOW spr round 46 (radius: 5)
[126:09:40 -191585.970813] SLOW spr round 47 (radius: 5)
[128:11:35 -191585.970547] SLOW spr round 48 (radius: 10)
[130:26:27 -191522.846302] SLOW spr round 49 (radius: 5)
[132:28:37 -191497.773003] SLOW spr round 50 (radius: 5)
[134:30:15 -191497.772949] SLOW spr round 51 (radius: 10)
[136:48:15 -191497.772948] SLOW spr round 52 (radius: 15)
[139:20:31 -191440.076983] SLOW spr round 53 (radius: 5)
[141:25:17 -191410.557379] SLOW spr round 54 (radius: 5)
[143:28:11 -191410.557338] SLOW spr round 55 (radius: 10)
[145:50:07 -191410.557337] SLOW spr round 56 (radius: 15)
[148:21:44 -191410.557337] SLOW spr round 57 (radius: 20)
[151:23:38 -189172.548117] SLOW spr round 58 (radius: 5)
[153:29:39 -188012.880996] SLOW spr round 59 (radius: 5)
[155:31:51 -187781.299635] SLOW spr round 60 (radius: 5)
[157:35:12 -187746.763613] SLOW spr round 61 (radius: 5)
[159:35:04 -187746.763523] SLOW spr round 62 (radius: 10)
[161:52:38 -187164.821268] SLOW spr round 63 (radius: 5)
[163:56:50 -186813.336917] SLOW spr round 64 (radius: 5)
[166:02:18 -186782.253759] SLOW spr round 65 (radius: 5)
[168:02:59 -186782.253678] SLOW spr round 66 (radius: 10)
[170:23:32 -186225.228800] SLOW spr round 67 (radius: 5)
[172:28:58 -186020.111318] SLOW spr round 68 (radius: 5)
[174:32:52 -186020.111113] SLOW spr round 69 (radius: 10)
[176:51:10 -185705.813708] SLOW spr round 70 (radius: 5)
[178:54:10 -185674.602138] SLOW spr round 71 (radius: 5)
[180:53:37 -185674.602117] SLOW spr round 72 (radius: 10)
[183:09:03 -185632.321713] SLOW spr round 73 (radius: 5)
[185:10:22 -185632.321685] SLOW spr round 74 (radius: 10)
[187:27:43 -185632.321685] SLOW spr round 75 (radius: 15)
[189:59:29 -184999.490262] SLOW spr round 76 (radius: 5)
[192:05:57 -184751.603660] SLOW spr round 77 (radius: 5)
[194:07:07 -184751.603045] SLOW spr round 78 (radius: 10)
[196:25:14 -184600.449604] SLOW spr round 79 (radius: 5)
[198:26:33 -184600.449411] SLOW spr round 80 (radius: 10)
[200:42:59 -184556.518542] SLOW spr round 81 (radius: 5)
[202:43:04 -184556.518515] SLOW spr round 82 (radius: 10)
[204:57:46 -184556.518514] SLOW spr round 83 (radius: 15)
[207:29:24 -184269.631047] SLOW spr round 84 (radius: 5)
[209:35:47 -184195.486287] SLOW spr round 85 (radius: 5)
[211:37:19 -184195.486274] SLOW spr round 86 (radius: 10)
[213:52:50 -184123.163151] SLOW spr round 87 (radius: 5)
[215:54:40 -184123.163130] SLOW spr round 88 (radius: 10)
[218:09:51 -184123.163129] SLOW spr round 89 (radius: 15)
[220:39:52 -184067.385635] SLOW spr round 90 (radius: 5)
[222:44:44 -184067.385614] SLOW spr round 91 (radius: 10)
[225:00:37 -184067.385614] SLOW spr round 92 (radius: 15)
[227:29:14 -184067.385614] SLOW spr round 93 (radius: 20)
[230:17:43 -182810.448071] SLOW spr round 94 (radius: 5)
[232:23:49 -182487.726819] SLOW spr round 95 (radius: 5)
[234:27:07 -182462.185968] SLOW spr round 96 (radius: 5)
[236:26:23 -182462.185961] SLOW spr round 97 (radius: 10)
[238:45:51 -182049.932094] SLOW spr round 98 (radius: 5)
[240:48:55 -181908.291946] SLOW spr round 99 (radius: 5)
[242:51:38 -181908.291701] SLOW spr round 100 (radius: 10)
[245:13:07 -181744.592818] SLOW spr round 101 (radius: 5)
[247:19:18 -181691.262296] SLOW spr round 102 (radius: 5)
[249:23:45 -181691.262234] SLOW spr round 103 (radius: 10)
[251:41:03 -181672.945061] SLOW spr round 104 (radius: 5)
[253:42:48 -181672.945061] SLOW spr round 105 (radius: 10)
[256:01:32 -181672.945061] SLOW spr round 106 (radius: 15)
[258:38:33 -180844.418966] SLOW spr round 107 (radius: 5)
[260:41:55 -180625.471566] SLOW spr round 108 (radius: 5)
[262:43:11 -180598.217516] SLOW spr round 109 (radius: 5)
[264:41:56 -180598.217505] SLOW spr round 110 (radius: 10)
[267:01:41 -180232.986649] SLOW spr round 111 (radius: 5)
[269:08:14 -180185.904415] SLOW spr round 112 (radius: 5)
[271:09:32 -180185.904411] SLOW spr round 113 (radius: 10)
[273:30:50 -180061.717267] SLOW spr round 114 (radius: 5)
[275:40:54 -180047.128610] SLOW spr round 115 (radius: 5)
[278:01:21 -180047.128610] SLOW spr round 116 (radius: 10)
[280:49:44 -180047.128610] SLOW spr round 117 (radius: 15)
[283:37:26 -179185.596293] SLOW spr round 118 (radius: 5)
[285:45:10 -178704.668600] SLOW spr round 119 (radius: 5)
[287:42:30 -178696.320968] SLOW spr round 120 (radius: 5)
[289:42:30 -178696.320968] SLOW spr round 121 (radius: 10)
[292:00:50 -178085.387270] SLOW spr round 122 (radius: 5)
[294:04:38 -177774.503594] SLOW spr round 123 (radius: 5)
[296:08:16 -177701.788412] SLOW spr round 124 (radius: 5)
[298:11:30 -177701.788391] SLOW spr round 125 (radius: 10)
[300:35:10 -177613.744051] SLOW spr round 126 (radius: 5)
[302:36:56 -177604.311568] SLOW spr round 127 (radius: 5)
[304:39:27 -177604.311566] SLOW spr round 128 (radius: 10)
[306:57:45 -177604.311566] SLOW spr round 129 (radius: 15)
[309:35:05 -176888.439784] SLOW spr round 130 (radius: 5)
[311:41:46 -176552.029661] SLOW spr round 131 (radius: 5)
[313:47:24 -176552.029590] SLOW spr round 132 (radius: 10)
[316:12:23 -176216.450749] SLOW spr round 133 (radius: 5)
[318:20:31 -176152.035836] SLOW spr round 134 (radius: 5)
[320:23:50 -176152.035823] SLOW spr round 135 (radius: 10)
[322:45:43 -176080.278587] SLOW spr round 136 (radius: 5)
[324:48:29 -176080.278585] SLOW spr round 137 (radius: 10)
[327:07:48 -176080.278585] SLOW spr round 138 (radius: 15)
[329:45:05 -175629.901356] SLOW spr round 139 (radius: 5)
[331:51:53 -175438.018218] SLOW spr round 140 (radius: 5)
[333:58:00 -175438.018153] SLOW spr round 141 (radius: 10)
[336:18:33 -175357.866683] SLOW spr round 142 (radius: 5)
[338:20:11 -175349.310132] SLOW spr round 143 (radius: 5)
[340:21:20 -175349.310132] SLOW spr round 144 (radius: 10)
[342:41:22 -175316.514671] SLOW spr round 145 (radius: 5)
[344:43:04 -175316.514664] SLOW spr round 146 (radius: 10)
[346:58:38 -175316.514664] SLOW spr round 147 (radius: 15)
[349:32:35 -175048.310860] SLOW spr round 148 (radius: 5)
[351:39:41 -174987.658238] SLOW spr round 149 (radius: 5)
[353:38:35 -174977.770460] SLOW spr round 150 (radius: 5)
[355:39:30 -174977.770460] SLOW spr round 151 (radius: 10)
[358:00:05 -174876.916145] SLOW spr round 152 (radius: 5)
[360:00:28 -174868.846488] SLOW spr round 153 (radius: 5)
