
RAxML-NG v. 1.1.0 released on 29.11.2021 by The Exelixis Lab.
Developed by: Alexey M. Kozlov and Alexandros Stamatakis.
Contributors: Diego Darriba, Tomas Flouri, Benoit Morel, Sarah Lutteropp, Ben Bettisworth.
Latest version: https://github.com/amkozlov/raxml-ng
Questions/problems/suggestions? Please visit: https://groups.google.com/forum/#!forum/raxml

System: AMD Opteron 63xx class CPU, 1 cores, 115 GB RAM

RAxML-NG was called at 18-Mar-2022 00:54:50 as follows:

raxml-ng --msa 2_msa.raxml.rba -blmin 0.000000000001 -blopt nr_safe --threads auto{15} --seed 2 --prefix raxml2

Analysis options:
  run mode: ML tree search
  start tree(s): random (10) + parsimony (10)
  random seed: 2
  tip-inner: OFF
  pattern compression: ON
  per-rate scalers: OFF
  site repeats: ON
  fast spr radius: AUTO
  spr subtree cutoff: 1.000000
  branch lengths: proportional (ML estimate, algorithm: NR-SAFE)
  SIMD kernels: AVX
  parallelization: coarse-grained (auto), PTHREADS (auto)

[00:00:00] Loading binary alignment from file: 2_msa.raxml.rba
[00:00:00] Alignment comprises 8902 taxa, 1 partitions and 4008 patterns

Partition 0: noname
Model: GTR+FO+G4m
Alignment sites / patterns: 29903 / 4008
Gaps: 0.00 %
Invariant sites: 85.61 %


Parallelization scheme autoconfig: 5 worker(s) x 3 thread(s)


NOTE: Per-rate scalers were automatically enabled to prevent numerical issues on taxa-rich alignments.
NOTE: You can use --force switch to skip this check and fall back to per-site scalers.

Parallel reduction/worker buffer size: 1 KB  / 0 KB

[00:00:00] Generating 10 random starting tree(s) with 8902 taxa
[00:00:00] Generating 10 parsimony starting tree(s) with 8902 taxa
[00:31:43] Data distribution: max. partitions/sites/weight per thread: 1 / 1336 / 21376
[00:31:43] Data distribution: max. searches per worker: 4

Starting ML tree search with 20 distinct starting trees

[00:31:50 -7570089.193385] Initial branch length optimization
[00:35:55 -465205.117223] Model parameter optimization (eps = 10.000000)
[00:50:14 -303663.903565] AUTODETECT spr round 1 (radius: 5)
[02:07:45 -253961.115302] AUTODETECT spr round 2 (radius: 10)
[03:30:28 -219525.010356] AUTODETECT spr round 3 (radius: 15)
[04:57:19 -200747.786897] AUTODETECT spr round 4 (radius: 20)
[06:42:25 -188199.211937] AUTODETECT spr round 5 (radius: 25)
[08:31:33 -166402.584345] SPR radius for FAST iterations: 25 (autodetect)
[08:31:33 -166402.584345] Model parameter optimization (eps = 3.000000)
[08:42:49 -163007.345784] FAST spr round 1 (radius: 25)
[11:22:43 -145184.753655] FAST spr round 2 (radius: 25)
[13:21:48 -143455.705242] FAST spr round 3 (radius: 25)
[14:59:35 -143247.656437] FAST spr round 4 (radius: 25)
[16:27:48 -143247.656274] Model parameter optimization (eps = 1.000000)
[16:30:21 -143138.822502] SLOW spr round 1 (radius: 5)
[17:44:13 -143138.107994] SLOW spr round 2 (radius: 5)
[18:56:09 -143138.107993] SLOW spr round 3 (radius: 10)
[20:24:45 -143138.107993] SLOW spr round 4 (radius: 15)
[22:07:10 -143116.511972] SLOW spr round 5 (radius: 5)
[23:21:45 -143116.511970] SLOW spr round 6 (radius: 10)
[24:47:00 -143116.511970] SLOW spr round 7 (radius: 15)
[26:25:35 -143116.511970] SLOW spr round 8 (radius: 20)
[28:28:35 -142253.826616] SLOW spr round 9 (radius: 5)
[29:45:39 -141955.871391] SLOW spr round 10 (radius: 5)
[30:59:31 -141873.021157] SLOW spr round 11 (radius: 5)
[32:09:33 -141860.527980] SLOW spr round 12 (radius: 5)
[33:18:36 -141860.527980] SLOW spr round 13 (radius: 10)
[34:43:58 -141459.319308] SLOW spr round 14 (radius: 5)
[35:56:21 -141271.400230] SLOW spr round 15 (radius: 5)
[37:06:38 -141271.400224] SLOW spr round 16 (radius: 10)
[38:31:56 -141216.870303] SLOW spr round 17 (radius: 5)
[39:43:31 -141161.190195] SLOW spr round 18 (radius: 5)
[40:56:04 -141161.190189] SLOW spr round 19 (radius: 10)
[42:23:32 -141131.603195] SLOW spr round 20 (radius: 5)
[43:34:18 -141131.603191] SLOW spr round 21 (radius: 10)
[44:57:46 -141131.603191] SLOW spr round 22 (radius: 15)
[46:35:37 -140561.568863] SLOW spr round 23 (radius: 5)
[47:51:51 -140300.625036] SLOW spr round 24 (radius: 5)
[49:05:34 -140208.548273] SLOW spr round 25 (radius: 5)
[50:19:00 -140199.121556] SLOW spr round 26 (radius: 5)
[51:32:27 -140199.121555] SLOW spr round 27 (radius: 10)
[53:01:11 -139753.491998] SLOW spr round 28 (radius: 5)
[54:17:03 -139654.468163] SLOW spr round 29 (radius: 5)
[55:29:55 -139654.468159] SLOW spr round 30 (radius: 10)
[57:01:34 -139576.610189] SLOW spr round 31 (radius: 5)
[58:22:17 -139576.610181] SLOW spr round 32 (radius: 10)
[60:02:32 -139576.610181] SLOW spr round 33 (radius: 15)
[61:55:34 -138692.037188] SLOW spr round 34 (radius: 5)
[63:14:44 -138428.373996] SLOW spr round 35 (radius: 5)
[64:28:55 -138419.527474] SLOW spr round 36 (radius: 5)
[65:43:58 -138419.527474] SLOW spr round 37 (radius: 10)
[67:13:08 -138205.221706] SLOW spr round 38 (radius: 5)
[68:25:39 -138191.192761] SLOW spr round 39 (radius: 5)
[69:37:39 -138191.192761] SLOW spr round 40 (radius: 10)
[71:06:16 -138081.788350] SLOW spr round 41 (radius: 5)
[72:22:42 -138048.766543] SLOW spr round 42 (radius: 5)
[73:34:39 -138048.766538] SLOW spr round 43 (radius: 10)
[75:00:40 -138048.766538] SLOW spr round 44 (radius: 15)
[76:40:59 -137573.417546] SLOW spr round 45 (radius: 5)
[78:02:15 -137495.851018] SLOW spr round 46 (radius: 5)
[79:17:05 -137487.198453] SLOW spr round 47 (radius: 5)
[80:31:35 -137487.198453] SLOW spr round 48 (radius: 10)
[82:01:12 -137212.787522] SLOW spr round 49 (radius: 5)
[83:17:53 -137100.481629] SLOW spr round 50 (radius: 5)
[84:31:57 -137082.140306] SLOW spr round 51 (radius: 5)
[85:45:02 -137082.140306] SLOW spr round 52 (radius: 10)
[87:14:21 -136813.590188] SLOW spr round 53 (radius: 5)
[88:29:09 -136741.777133] SLOW spr round 54 (radius: 5)
[89:42:58 -136741.777122] SLOW spr round 55 (radius: 10)
[91:12:52 -136651.534956] SLOW spr round 56 (radius: 5)
[92:27:34 -136631.122234] SLOW spr round 57 (radius: 5)
[93:41:39 -136631.122232] SLOW spr round 58 (radius: 10)
[95:09:22 -136631.122232] SLOW spr round 59 (radius: 15)
[96:50:04 -136281.901900] SLOW spr round 60 (radius: 5)
[98:10:25 -136158.463804] SLOW spr round 61 (radius: 5)
[99:22:55 -136158.463784] SLOW spr round 62 (radius: 10)
[100:50:57 -136149.976740] SLOW spr round 63 (radius: 5)
[102:05:01 -136149.976740] SLOW spr round 64 (radius: 10)
[103:33:07 -136149.976740] SLOW spr round 65 (radius: 15)
[105:14:19 -135682.467786] SLOW spr round 66 (radius: 5)
[106:32:24 -135615.119878] SLOW spr round 67 (radius: 5)
[107:45:00 -135615.119869] SLOW spr round 68 (radius: 10)
[109:13:13 -135520.354521] SLOW spr round 69 (radius: 5)
[110:25:51 -135502.812886] SLOW spr round 70 (radius: 5)
[111:38:10 -135502.812886] SLOW spr round 71 (radius: 10)
[113:04:36 -135502.812886] SLOW spr round 72 (radius: 15)
[114:45:10 -135210.408476] SLOW spr round 73 (radius: 5)
[116:01:45 -135138.039010] SLOW spr round 74 (radius: 5)
[117:14:12 -135138.039000] SLOW spr round 75 (radius: 10)
[118:41:57 -134955.576317] SLOW spr round 76 (radius: 5)
[119:55:20 -134938.530177] SLOW spr round 77 (radius: 5)
[121:11:33 -134938.530176] SLOW spr round 78 (radius: 10)
[122:38:10 -134938.530176] SLOW spr round 79 (radius: 15)
[124:18:24 -134629.209345] SLOW spr round 80 (radius: 5)
[125:36:55 -134531.913882] SLOW spr round 81 (radius: 5)
[126:49:24 -134531.913870] SLOW spr round 82 (radius: 10)
[128:19:06 -134401.697206] SLOW spr round 83 (radius: 5)
[129:34:25 -134298.345991] SLOW spr round 84 (radius: 5)
[130:48:17 -134298.345978] SLOW spr round 85 (radius: 10)
[132:17:35 -134298.345978] SLOW spr round 86 (radius: 15)
[133:58:23 -134121.976825] SLOW spr round 87 (radius: 5)
[135:15:36 -134053.852478] SLOW spr round 88 (radius: 5)
[136:28:33 -134053.852470] SLOW spr round 89 (radius: 10)
[137:57:52 -134048.692934] SLOW spr round 90 (radius: 5)
[139:11:09 -134019.299151] SLOW spr round 91 (radius: 5)
[140:23:28 -134019.299150] SLOW spr round 92 (radius: 10)
[141:51:01 -134019.299150] SLOW spr round 93 (radius: 15)
[143:32:23 -133928.586241] SLOW spr round 94 (radius: 5)
[144:52:08 -133825.640131] SLOW spr round 95 (radius: 5)
[146:06:12 -133825.640116] SLOW spr round 96 (radius: 10)
[147:36:20 -133733.251639] SLOW spr round 97 (radius: 5)
[148:48:58 -133733.251626] SLOW spr round 98 (radius: 10)
[150:17:17 -133733.251626] SLOW spr round 99 (radius: 15)
[151:58:58 -133450.570962] SLOW spr round 100 (radius: 5)
[153:11:36 -133416.979382] SLOW spr round 101 (radius: 5)
[154:21:59 -133416.979380] SLOW spr round 102 (radius: 10)
[155:49:33 -133313.806868] SLOW spr round 103 (radius: 5)
[157:01:02 -133307.996561] SLOW spr round 104 (radius: 5)
[158:12:20 -133307.996561] SLOW spr round 105 (radius: 10)
[159:38:59 -133307.996561] SLOW spr round 106 (radius: 15)
[161:18:47 -133233.323730] SLOW spr round 107 (radius: 5)
[162:31:48 -133233.323724] SLOW spr round 108 (radius: 10)
[163:58:49 -133233.323724] SLOW spr round 109 (radius: 15)
[165:39:31 -133233.323724] SLOW spr round 110 (radius: 20)
[167:41:10 -131796.353217] SLOW spr round 111 (radius: 5)
[168:58:20 -131296.543703] SLOW spr round 112 (radius: 5)
[170:11:45 -131178.123642] SLOW spr round 113 (radius: 5)
[171:21:41 -131178.123625] SLOW spr round 114 (radius: 10)
[172:49:59 -130631.273619] SLOW spr round 115 (radius: 5)
[174:05:04 -130421.556514] SLOW spr round 116 (radius: 5)
[175:15:48 -130421.556488] SLOW spr round 117 (radius: 10)
[176:43:17 -130140.993648] SLOW spr round 118 (radius: 5)
[177:56:16 -129942.922307] SLOW spr round 119 (radius: 5)
[179:06:44 -129942.922286] SLOW spr round 120 (radius: 10)
[180:32:30 -129762.827280] SLOW spr round 121 (radius: 5)
[181:45:08 -129703.216845] SLOW spr round 122 (radius: 5)
[182:56:33 -129703.216845] SLOW spr round 123 (radius: 10)
[184:22:54 -129675.219598] SLOW spr round 124 (radius: 5)
[185:34:56 -129675.219597] SLOW spr round 125 (radius: 10)
[186:59:00 -129675.219597] SLOW spr round 126 (radius: 15)
[188:36:18 -129319.485242] SLOW spr round 127 (radius: 5)
[189:50:22 -129089.203467] SLOW spr round 128 (radius: 5)
[191:01:32 -129031.815638] SLOW spr round 129 (radius: 5)
[192:13:25 -128992.362066] SLOW spr round 130 (radius: 5)
[193:23:40 -128992.362066] SLOW spr round 131 (radius: 10)
[194:50:52 -128772.128664] SLOW spr round 132 (radius: 5)
[196:02:16 -128745.724610] SLOW spr round 133 (radius: 5)
[197:13:20 -128745.724609] SLOW spr round 134 (radius: 10)
[198:38:37 -128745.724609] SLOW spr round 135 (radius: 15)
[200:19:04 -127999.363801] SLOW spr round 136 (radius: 5)
[201:32:07 -127589.681147] SLOW spr round 137 (radius: 5)
[202:42:29 -127552.495441] SLOW spr round 138 (radius: 5)
[203:52:40 -127552.495440] SLOW spr round 139 (radius: 10)
[205:21:50 -127138.348436] SLOW spr round 140 (radius: 5)
[206:34:23 -127071.361601] SLOW spr round 141 (radius: 5)
[207:44:51 -127062.496257] SLOW spr round 142 (radius: 5)
[208:54:51 -127062.496257] SLOW spr round 143 (radius: 10)
[210:21:13 -127045.246955] SLOW spr round 144 (radius: 5)
[211:32:00 -127045.246955] SLOW spr round 145 (radius: 10)
[212:57:59 -127045.246955] SLOW spr round 146 (radius: 15)
[214:40:29 -126589.800426] SLOW spr round 147 (radius: 5)
[215:55:12 -126494.153401] SLOW spr round 148 (radius: 5)
[217:06:41 -126494.153401] SLOW spr round 149 (radius: 10)
[218:36:44 -126418.041610] SLOW spr round 150 (radius: 5)
[219:49:04 -126404.504344] SLOW spr round 151 (radius: 5)
[221:00:40 -126404.504344] SLOW spr round 152 (radius: 10)
[222:28:22 -126404.504344] SLOW spr round 153 (radius: 15)
[224:16:42 -125957.029386] SLOW spr round 154 (radius: 5)
[225:40:52 -125805.667815] SLOW spr round 155 (radius: 5)
[227:02:52 -125805.667803] SLOW spr round 156 (radius: 10)
[228:36:44 -125621.033468] SLOW spr round 157 (radius: 5)
[229:51:31 -125614.180337] SLOW spr round 158 (radius: 5)
[231:05:30 -125614.180337] SLOW spr round 159 (radius: 10)
[232:35:05 -125614.180337] SLOW spr round 160 (radius: 15)
[234:21:26 -125539.640598] SLOW spr round 161 (radius: 5)
[235:34:42 -125539.640595] SLOW spr round 162 (radius: 10)
[237:03:35 -125530.901396] SLOW spr round 163 (radius: 5)
[238:16:01 -125530.901396] SLOW spr round 164 (radius: 10)
[239:44:39 -125530.901396] SLOW spr round 165 (radius: 15)
[241:26:55 -125530.901396] SLOW spr round 166 (radius: 20)
[243:20:42 -124760.947285] SLOW spr round 167 (radius: 5)
[244:37:14 -124429.619646] SLOW spr round 168 (radius: 5)
[245:48:20 -124386.173272] SLOW spr round 169 (radius: 5)
[246:58:53 -124386.173272] SLOW spr round 170 (radius: 10)
[248:24:49 -124309.071376] SLOW spr round 171 (radius: 5)
[249:34:14 -124309.071373] SLOW spr round 172 (radius: 10)
[250:58:19 -124309.071373] SLOW spr round 173 (radius: 15)
[252:36:55 -124086.061590] SLOW spr round 174 (radius: 5)
[253:48:07 -124057.354913] SLOW spr round 175 (radius: 5)
[254:56:50 -124057.354912] SLOW spr round 176 (radius: 10)
[256:21:16 -124013.297083] SLOW spr round 177 (radius: 5)
[257:31:14 -124013.297082] SLOW spr round 178 (radius: 10)
[258:56:04 -124013.297082] SLOW spr round 179 (radius: 15)
[260:37:45 -123992.185385] SLOW spr round 180 (radius: 5)
[261:50:34 -123992.185385] SLOW spr round 181 (radius: 10)
[263:20:35 -123992.185385] SLOW spr round 182 (radius: 15)
[265:00:43 -123992.185385] SLOW spr round 183 (radius: 20)
[266:50:34 -123558.853228] SLOW spr round 184 (radius: 5)
[268:08:41 -123418.233271] SLOW spr round 185 (radius: 5)
[269:21:49 -123408.244235] SLOW spr round 186 (radius: 5)
[270:35:36 -123408.244235] SLOW spr round 187 (radius: 10)
[272:05:00 -123385.424069] SLOW spr round 188 (radius: 5)
[273:18:21 -123385.424069] SLOW spr round 189 (radius: 10)
[274:47:35 -123385.424069] SLOW spr round 190 (radius: 15)
[276:33:40 -123245.200497] SLOW spr round 191 (radius: 5)
[277:51:37 -123114.155153] SLOW spr round 192 (radius: 5)
[279:04:58 -123114.155152] SLOW spr round 193 (radius: 10)
[280:34:24 -123114.155152] SLOW spr round 194 (radius: 15)
[282:18:01 -123114.155152] SLOW spr round 195 (radius: 20)
[284:12:37 -122841.776124] SLOW spr round 196 (radius: 5)
[285:28:11 -122770.250866] SLOW spr round 197 (radius: 5)
[286:40:49 -122770.250864] SLOW spr round 198 (radius: 10)
[288:11:05 -122740.806267] SLOW spr round 199 (radius: 5)
[289:23:35 -122740.806267] SLOW spr round 200 (radius: 10)
[290:51:57 -122740.806267] SLOW spr round 201 (radius: 15)
[292:33:31 -122648.796672] SLOW spr round 202 (radius: 5)
[293:46:46 -122648.796668] SLOW spr round 203 (radius: 10)
[295:16:10 -122644.202961] SLOW spr round 204 (radius: 5)
[296:28:45 -122644.202960] SLOW spr round 205 (radius: 10)
[297:57:50 -122644.202960] SLOW spr round 206 (radius: 15)
[299:39:07 -122644.202960] SLOW spr round 207 (radius: 20)
[301:31:29 -122613.040305] SLOW spr round 208 (radius: 5)
[302:47:03 -122603.804331] SLOW spr round 209 (radius: 5)
[303:58:07 -122603.804331] SLOW spr round 210 (radius: 10)
[305:24:55 -122603.804331] SLOW spr round 211 (radius: 15)
[307:08:39 -122603.804331] SLOW spr round 212 (radius: 20)
[309:03:43 -122603.804331] SLOW spr round 213 (radius: 25)
[311:45:09 -122462.803446] SLOW spr round 214 (radius: 5)
[313:04:39 -122429.485419] SLOW spr round 215 (radius: 5)
[314:16:17 -122429.485419] SLOW spr round 216 (radius: 10)
[315:44:14 -122419.903988] SLOW spr round 217 (radius: 5)
[316:55:59 -122419.903988] SLOW spr round 218 (radius: 10)
[318:25:08 -122419.903988] SLOW spr round 219 (radius: 15)
[320:06:15 -122419.903988] SLOW spr round 220 (radius: 20)
[321:56:31 -122419.903988] SLOW spr round 221 (radius: 25)
[324:31:55 -122407.236093] SLOW spr round 222 (radius: 5)
[325:46:49 -122407.236093] SLOW spr round 223 (radius: 10)
[327:12:45 -122407.236093] SLOW spr round 224 (radius: 15)
[328:52:47 -122407.236093] SLOW spr round 225 (radius: 20)
[330:45:17 -122407.236093] SLOW spr round 226 (radius: 25)
[333:19:37 -122407.236093] Model parameter optimization (eps = 0.100000)

[333:21:41] [worker #0] ML tree search #1, logLikelihood: -122396.806846

[333:21:42 -7570137.433387] Initial branch length optimization
[333:25:37 -466007.346090] Model parameter optimization (eps = 10.000000)
[333:40:49 -303971.785908] AUTODETECT spr round 1 (radius: 5)
[334:55:32 -255640.721733] AUTODETECT spr round 2 (radius: 10)
[336:16:50 -221236.309821] AUTODETECT spr round 3 (radius: 15)
[337:49:28 -202542.410353] AUTODETECT spr round 4 (radius: 20)
[339:32:21 -190729.218937] AUTODETECT spr round 5 (radius: 25)
[341:37:31 -170034.467894] SPR radius for FAST iterations: 25 (autodetect)
[341:37:31 -170034.467894] Model parameter optimization (eps = 3.000000)
[341:47:20 -164411.146739] FAST spr round 1 (radius: 25)
[344:35:16 -146906.319894] FAST spr round 2 (radius: 25)
[346:43:00 -145021.873789] FAST spr round 3 (radius: 25)
[348:24:57 -144629.877518] FAST spr round 4 (radius: 25)
[349:55:25 -144535.985644] FAST spr round 5 (radius: 25)
[351:24:21 -144535.985594] Model parameter optimization (eps = 1.000000)
[351:27:05 -144379.793429] SLOW spr round 1 (radius: 5)
[352:43:56 -144379.748259] SLOW spr round 2 (radius: 10)
[354:12:58 -144379.748219] SLOW spr round 3 (radius: 15)
[354:13:18] [worker #2] ML tree search #3, logLikelihood: -121649.808483
[356:02:28 -144357.418140] SLOW spr round 4 (radius: 5)
[357:27:12 -144357.418139] SLOW spr round 5 (radius: 10)
[359:12:05 -144357.418139] SLOW spr round 6 (radius: 15)
[360:57:04 -144357.418139] SLOW spr round 7 (radius: 20)
[363:32:19 -144239.930083] SLOW spr round 8 (radius: 5)
[364:50:23 -144203.060057] SLOW spr round 9 (radius: 5)
[366:10:18 -144136.436646] SLOW spr round 10 (radius: 5)
[367:26:54 -144136.436618] SLOW spr round 11 (radius: 10)
[369:17:04 -144086.530900] SLOW spr round 12 (radius: 5)
[370:32:47 -144070.650511] SLOW spr round 13 (radius: 5)
[371:46:05 -144070.650509] SLOW spr round 14 (radius: 10)
[373:14:39 -144070.650509] SLOW spr round 15 (radius: 15)
[375:00:39 -144070.650509] SLOW spr round 16 (radius: 20)
[375:15:40] [worker #3] ML tree search #4, logLikelihood: -121777.499436
[377:12:02 -144046.513866] SLOW spr round 17 (radius: 5)
[378:31:32 -144036.606466] SLOW spr round 18 (radius: 5)
[380:04:26 -144036.606466] SLOW spr round 19 (radius: 10)
[381:35:36 -144036.606466] SLOW spr round 20 (radius: 15)
[383:35:34 -144036.606466] SLOW spr round 21 (radius: 20)
[387:45:51 -144036.606466] SLOW spr round 22 (radius: 25)
[390:50:55 -139720.311586] SLOW spr round 23 (radius: 5)
[392:21:35 -138643.946519] SLOW spr round 24 (radius: 5)
[393:52:26 -138247.661958] SLOW spr round 25 (radius: 5)
[395:21:47 -137837.211120] SLOW spr round 26 (radius: 5)
[396:47:31 -137784.513133] SLOW spr round 27 (radius: 5)
[398:12:29 -137784.513125] SLOW spr round 28 (radius: 10)
[399:56:52 -136942.274215] SLOW spr round 29 (radius: 5)
[401:26:52 -136616.443399] SLOW spr round 30 (radius: 5)
[402:44:51 -136602.908645] SLOW spr round 31 (radius: 5)
[403:58:52 -136602.908645] SLOW spr round 32 (radius: 10)
[405:27:27 -136121.876390] SLOW spr round 33 (radius: 5)
[406:43:26 -135947.508613] SLOW spr round 34 (radius: 5)
[407:55:50 -135947.508608] SLOW spr round 35 (radius: 10)
[409:32:40 -135636.944421] SLOW spr round 36 (radius: 5)
[414:05:13 -135494.432851] SLOW spr round 37 (radius: 5)
[415:47:13 -135494.432848] SLOW spr round 38 (radius: 10)
[417:14:02 -135423.730938] SLOW spr round 39 (radius: 5)
[418:28:46 -135395.193407] SLOW spr round 40 (radius: 5)
[419:42:43 -135395.193406] SLOW spr round 41 (radius: 10)
[421:09:55 -135395.193406] SLOW spr round 42 (radius: 15)
[422:50:49 -134477.425999] SLOW spr round 43 (radius: 5)
[424:10:01 -134195.644155] SLOW spr round 44 (radius: 5)
[425:23:07 -134177.492401] SLOW spr round 45 (radius: 5)
[426:34:54 -134177.492400] SLOW spr round 46 (radius: 10)
[428:10:29 -134049.226068] SLOW spr round 47 (radius: 5)
[429:33:01 -134014.848489] SLOW spr round 48 (radius: 5)
[432:34:27 -134014.848489] SLOW spr round 49 (radius: 10)
[434:02:08 -133997.265874] SLOW spr round 50 (radius: 5)
[435:16:06 -133988.906551] SLOW spr round 51 (radius: 5)
[436:35:44 -133988.906551] SLOW spr round 52 (radius: 10)
[438:12:52 -133988.906551] SLOW spr round 53 (radius: 15)
[440:24:11 -133714.917886] SLOW spr round 54 (radius: 5)
[442:04:44 -133598.028322] SLOW spr round 55 (radius: 5)
[443:25:38 -133598.028318] SLOW spr round 56 (radius: 10)
[444:51:15 -133576.865936] SLOW spr round 57 (radius: 5)
[446:03:40 -133576.865935] SLOW spr round 58 (radius: 10)
[447:28:47 -133576.865935] SLOW spr round 59 (radius: 15)
[449:09:18 -133492.630370] SLOW spr round 60 (radius: 5)
[450:29:32 -133492.630363] SLOW spr round 61 (radius: 10)
[452:13:54 -133492.630362] SLOW spr round 62 (radius: 15)
[454:14:53 -133492.630362] SLOW spr round 63 (radius: 20)
[456:18:10 -132444.745338] SLOW spr round 64 (radius: 5)
[457:35:46 -132063.517336] SLOW spr round 65 (radius: 5)
[459:01:20 -131989.888538] SLOW spr round 66 (radius: 5)
[460:28:28 -131989.888531] SLOW spr round 67 (radius: 10)
[460:40:15] [worker #1] ML tree search #2, logLikelihood: -113123.175626
[462:01:36 -131494.786237] SLOW spr round 68 (radius: 5)
[463:21:05 -131372.996585] SLOW spr round 69 (radius: 5)
[464:35:47 -131372.996571] SLOW spr round 70 (radius: 10)
[466:06:06 -131262.003316] SLOW spr round 71 (radius: 5)
[467:20:26 -131243.953684] SLOW spr round 72 (radius: 5)
[468:34:44 -131243.953684] SLOW spr round 73 (radius: 10)
[470:04:12 -131243.953684] SLOW spr round 74 (radius: 15)
[471:45:54 -130614.547570] SLOW spr round 75 (radius: 5)
[473:04:57 -130449.770608] SLOW spr round 76 (radius: 5)
[474:26:10 -130449.770607] SLOW spr round 77 (radius: 10)
[476:03:38 -130177.983245] SLOW spr round 78 (radius: 5)
