
RAxML-NG v. 1.1.0 released on 29.11.2021 by The Exelixis Lab.
Developed by: Alexey M. Kozlov and Alexandros Stamatakis.
Contributors: Diego Darriba, Tomas Flouri, Benoit Morel, Sarah Lutteropp, Ben Bettisworth.
Latest version: https://github.com/amkozlov/raxml-ng
Questions/problems/suggestions? Please visit: https://groups.google.com/forum/#!forum/raxml

System: AMD Opteron 63xx class CPU, 1 cores, 240 GB RAM

RAxML-NG was called at 17-Mar-2022 23:54:17 as follows:

raxml-ng --msa 1_msa.raxml.rba -blmin 0.000000000001 -blopt nr_safe --threads auto{15} --seed 2 --prefix raxml1

Analysis options:
  run mode: ML tree search
  start tree(s): random (10) + parsimony (10)
  random seed: 2
  tip-inner: OFF
  pattern compression: ON
  per-rate scalers: OFF
  site repeats: ON
  fast spr radius: AUTO
  spr subtree cutoff: 1.000000
  branch lengths: proportional (ML estimate, algorithm: NR-SAFE)
  SIMD kernels: AVX
  parallelization: coarse-grained (auto), PTHREADS (auto)

[00:00:00] Loading binary alignment from file: 1_msa.raxml.rba
[00:00:00] Alignment comprises 4676 taxa, 1 partitions and 2413 patterns

Partition 0: noname
Model: GTR+FO+G4m
Alignment sites / patterns: 29903 / 2413
Gaps: 0.00 %
Invariant sites: 91.04 %


Parallelization scheme autoconfig: 7 worker(s) x 2 thread(s)


NOTE: Per-rate scalers were automatically enabled to prevent numerical issues on taxa-rich alignments.
NOTE: You can use --force switch to skip this check and fall back to per-site scalers.

Parallel reduction/worker buffer size: 1 KB  / 0 KB

[00:00:00] Generating 10 random starting tree(s) with 4676 taxa
[00:00:00] Generating 10 parsimony starting tree(s) with 4676 taxa
[00:07:15] Data distribution: max. partitions/sites/weight per thread: 1 / 1207 / 19312
[00:07:15] Data distribution: max. searches per worker: 3

Starting ML tree search with 20 distinct starting trees

[00:07:23 -4012271.464366] Initial branch length optimization
[00:09:28 -274356.312534] Model parameter optimization (eps = 10.000000)
[00:18:25 -185290.167462] AUTODETECT spr round 1 (radius: 5)
[00:48:02 -157991.527488] AUTODETECT spr round 2 (radius: 10)
[01:22:15 -140210.676382] AUTODETECT spr round 3 (radius: 15)
[02:05:35 -125695.722688] AUTODETECT spr round 4 (radius: 20)
[02:46:54 -106187.746971] AUTODETECT spr round 5 (radius: 25)
[03:36:19 -100949.242446] SPR radius for FAST iterations: 25 (autodetect)
[03:36:19 -100949.242446] Model parameter optimization (eps = 3.000000)
[03:38:04 -100382.089534] FAST spr round 1 (radius: 25)
[04:57:39 -92023.754663] FAST spr round 2 (radius: 25)
[05:58:06 -90843.687768] FAST spr round 3 (radius: 25)
[06:51:12 -90729.258596] FAST spr round 4 (radius: 25)
[07:32:59 -90729.258595] Model parameter optimization (eps = 1.000000)
[07:33:49 -90721.636926] SLOW spr round 1 (radius: 5)
[08:07:52 -90721.635820] SLOW spr round 2 (radius: 10)
[08:49:47 -90721.635819] SLOW spr round 3 (radius: 15)
[09:41:23 -90721.635819] SLOW spr round 4 (radius: 20)
[11:08:09 -90720.934337] SLOW spr round 5 (radius: 5)
[11:43:43 -90714.151984] SLOW spr round 6 (radius: 5)
[12:14:52 -90714.151984] SLOW spr round 7 (radius: 10)
[12:56:25 -90690.857360] SLOW spr round 8 (radius: 5)
[13:28:01 -90690.857360] SLOW spr round 9 (radius: 10)
[14:10:04 -90690.857360] SLOW spr round 10 (radius: 15)
[15:01:34 -90690.857360] SLOW spr round 11 (radius: 20)
[16:23:41 -90690.857360] SLOW spr round 12 (radius: 25)
[18:01:18 -90075.913342] SLOW spr round 13 (radius: 5)
[18:38:44 -89804.828423] SLOW spr round 14 (radius: 5)
[19:11:21 -89786.820653] SLOW spr round 15 (radius: 5)
[19:43:34 -89786.820653] SLOW spr round 16 (radius: 10)
[20:25:12 -89594.043536] SLOW spr round 17 (radius: 5)
[20:49:48 -89584.675505] SLOW spr round 18 (radius: 5)
[21:13:34 -89584.675505] SLOW spr round 19 (radius: 10)
[21:44:54 -89575.802918] SLOW spr round 20 (radius: 5)
[22:09:06 -89575.802918] SLOW spr round 21 (radius: 10)
[22:40:25 -89575.802918] SLOW spr round 22 (radius: 15)
[23:17:35 -88802.371357] SLOW spr round 23 (radius: 5)
[23:43:04 -88514.718253] SLOW spr round 24 (radius: 5)
[24:06:44 -88514.718252] SLOW spr round 25 (radius: 10)
[24:38:41 -88137.163917] SLOW spr round 26 (radius: 5)
[25:04:08 -88078.283328] SLOW spr round 27 (radius: 5)
[25:28:20 -88078.283326] SLOW spr round 28 (radius: 10)
[26:01:10 -88025.106033] SLOW spr round 29 (radius: 5)
[26:26:16 -88010.516367] SLOW spr round 30 (radius: 5)
[26:50:46 -88010.516367] SLOW spr round 31 (radius: 10)
[27:22:16 -88010.516367] SLOW spr round 32 (radius: 15)
[27:59:09 -87774.026897] SLOW spr round 33 (radius: 5)
[28:25:19 -87605.261133] SLOW spr round 34 (radius: 5)
[28:49:05 -87595.734561] SLOW spr round 35 (radius: 5)
[29:12:40 -87595.734561] SLOW spr round 36 (radius: 10)
[29:44:00 -87375.301620] SLOW spr round 37 (radius: 5)
[30:08:32 -87284.816583] SLOW spr round 38 (radius: 5)
[30:31:47 -87284.816583] SLOW spr round 39 (radius: 10)
[31:03:02 -87254.381189] SLOW spr round 40 (radius: 5)
[31:26:58 -87209.557615] SLOW spr round 41 (radius: 5)
[31:50:12 -87209.557614] SLOW spr round 42 (radius: 10)
[32:20:44 -87209.557614] SLOW spr round 43 (radius: 15)
[32:58:01 -86601.452229] SLOW spr round 44 (radius: 5)
[33:23:26 -86504.572553] SLOW spr round 45 (radius: 5)
[33:46:48 -86504.572551] SLOW spr round 46 (radius: 10)
[33:58:22] [worker #5] ML tree search #6, logLikelihood: -89802.306577
[34:18:32 -86175.054312] SLOW spr round 47 (radius: 5)
[34:43:13 -86132.323251] SLOW spr round 48 (radius: 5)
[35:07:31 -86132.323251] SLOW spr round 49 (radius: 10)
[35:40:25 -86047.567233] SLOW spr round 50 (radius: 5)
[36:04:23 -86013.482993] SLOW spr round 51 (radius: 5)
[36:28:15 -86013.482993] SLOW spr round 52 (radius: 10)
[36:59:24 -86003.235666] SLOW spr round 53 (radius: 5)
[37:23:13 -86003.235666] SLOW spr round 54 (radius: 10)
[37:54:17 -86003.235666] SLOW spr round 55 (radius: 15)
[38:32:00 -85394.826356] SLOW spr round 56 (radius: 5)
[38:57:36 -85152.644744] SLOW spr round 57 (radius: 5)
[38:59:39] [worker #5] ML tree search #13, logLikelihood: -74942.544445
[39:21:15 -85124.172167] SLOW spr round 58 (radius: 5)
[39:45:53 -85058.664023] SLOW spr round 59 (radius: 5)
[40:09:26 -85031.366915] SLOW spr round 60 (radius: 5)
[40:33:05 -85031.366915] SLOW spr round 61 (radius: 10)
[41:03:44 -85005.591571] SLOW spr round 62 (radius: 5)
[41:26:55 -85005.591571] SLOW spr round 63 (radius: 10)
[41:57:26 -85005.591571] SLOW spr round 64 (radius: 15)
[42:34:38 -84720.352706] SLOW spr round 65 (radius: 5)
[42:59:16 -84601.618455] SLOW spr round 66 (radius: 5)
[43:22:18 -84601.618452] SLOW spr round 67 (radius: 10)
[43:49:38] [worker #5] ML tree search #20, logLikelihood: -74943.503495
[43:52:50 -84549.315695] SLOW spr round 68 (radius: 5)
[44:15:33 -84549.315695] SLOW spr round 69 (radius: 10)
[44:45:20 -84549.315695] SLOW spr round 70 (radius: 15)
[45:21:48 -84035.250605] SLOW spr round 71 (radius: 5)
[45:45:21 -83860.411115] SLOW spr round 72 (radius: 5)
[46:07:38 -83860.411111] SLOW spr round 73 (radius: 10)
[46:37:11 -83584.636995] SLOW spr round 74 (radius: 5)
[47:00:14 -83540.130434] SLOW spr round 75 (radius: 5)
[47:22:45 -83540.130433] SLOW spr round 76 (radius: 10)
[47:52:30 -83407.131379] SLOW spr round 77 (radius: 5)
[48:15:18 -83388.568713] SLOW spr round 78 (radius: 5)
[48:38:02 -83388.568712] SLOW spr round 79 (radius: 10)
[49:06:33 -83388.568712] SLOW spr round 80 (radius: 15)
[49:40:17 -83272.031399] SLOW spr round 81 (radius: 5)
[50:05:36 -83132.304266] SLOW spr round 82 (radius: 5)
[50:28:13 -83106.461552] SLOW spr round 83 (radius: 5)
[50:50:48 -83106.461552] SLOW spr round 84 (radius: 10)
[51:20:23 -83012.058913] SLOW spr round 85 (radius: 5)
[51:43:30 -82960.180037] SLOW spr round 86 (radius: 5)
[52:06:01 -82960.180036] SLOW spr round 87 (radius: 10)
[52:34:47 -82939.823109] SLOW spr round 88 (radius: 5)
[52:57:31 -82922.313163] SLOW spr round 89 (radius: 5)
[53:20:37 -82922.313163] SLOW spr round 90 (radius: 10)
[53:49:02 -82922.313163] SLOW spr round 91 (radius: 15)
[54:22:38 -82714.190237] SLOW spr round 92 (radius: 5)
[54:46:06 -82629.981025] SLOW spr round 93 (radius: 5)
[55:08:47 -82629.981025] SLOW spr round 94 (radius: 10)
[55:37:58 -82620.394613] SLOW spr round 95 (radius: 5)
[56:00:36 -82620.394613] SLOW spr round 96 (radius: 10)
[56:29:45 -82620.394613] SLOW spr round 97 (radius: 15)
[57:04:07 -82363.348076] SLOW spr round 98 (radius: 5)
[57:28:19 -82303.258192] SLOW spr round 99 (radius: 5)
[57:50:54 -82303.258191] SLOW spr round 100 (radius: 10)
[58:21:54 -82227.880173] SLOW spr round 101 (radius: 5)
[58:45:24 -82197.725954] SLOW spr round 102 (radius: 5)
[59:08:05 -82197.725954] SLOW spr round 103 (radius: 10)
[59:37:57 -82197.725953] SLOW spr round 104 (radius: 15)
[60:12:46 -82130.868110] SLOW spr round 105 (radius: 5)
[60:35:54 -82130.868110] SLOW spr round 106 (radius: 10)
[61:05:12 -82130.868110] SLOW spr round 107 (radius: 15)
[61:38:49 -82130.868110] SLOW spr round 108 (radius: 20)
[62:18:19 -81768.908753] SLOW spr round 109 (radius: 5)
[62:43:22 -81729.502178] SLOW spr round 110 (radius: 5)
[63:06:52 -81729.502178] SLOW spr round 111 (radius: 10)
[63:38:02 -81656.780286] SLOW spr round 112 (radius: 5)
[64:00:31 -81646.785048] SLOW spr round 113 (radius: 5)
[64:22:52 -81646.785048] SLOW spr round 114 (radius: 10)
[64:52:51 -81646.785048] SLOW spr round 115 (radius: 15)
[65:30:00 -81510.149556] SLOW spr round 116 (radius: 5)
[65:52:56 -81479.786020] SLOW spr round 117 (radius: 5)
[66:15:16 -81479.786020] SLOW spr round 118 (radius: 10)
[66:45:39 -81418.383173] SLOW spr round 119 (radius: 5)
[67:08:38 -81374.673983] SLOW spr round 120 (radius: 5)
[67:30:57 -81374.673983] SLOW spr round 121 (radius: 10)
[68:00:27 -81374.673983] SLOW spr round 122 (radius: 15)
[68:36:05 -81374.673983] SLOW spr round 123 (radius: 20)
[69:17:21 -81007.753535] SLOW spr round 124 (radius: 5)
[69:42:23 -80902.060255] SLOW spr round 125 (radius: 5)
[70:04:31 -80902.060254] SLOW spr round 126 (radius: 10)
[70:34:09 -80872.452537] SLOW spr round 127 (radius: 5)
[70:56:51 -80872.452537] SLOW spr round 128 (radius: 10)
[71:26:35 -80872.452537] SLOW spr round 129 (radius: 15)
[72:02:46 -80675.565292] SLOW spr round 130 (radius: 5)
[72:27:15 -80613.338550] SLOW spr round 131 (radius: 5)
[72:49:05 -80613.338549] SLOW spr round 132 (radius: 10)
[73:19:17 -80498.813519] SLOW spr round 133 (radius: 5)
[73:41:28 -80498.813518] SLOW spr round 134 (radius: 10)
[74:10:57 -80461.987218] SLOW spr round 135 (radius: 5)
[74:32:55 -80461.987218] SLOW spr round 136 (radius: 10)
[75:02:11 -80461.987218] SLOW spr round 137 (radius: 15)
[75:36:51 -80461.987218] SLOW spr round 138 (radius: 20)
[76:17:51 -80289.388437] SLOW spr round 139 (radius: 5)
[76:42:42 -80227.291488] SLOW spr round 140 (radius: 5)
[77:04:39 -80227.291488] SLOW spr round 141 (radius: 10)
[77:34:12 -80209.450651] SLOW spr round 142 (radius: 5)
[77:56:16 -80209.450651] SLOW spr round 143 (radius: 10)
[78:25:45 -80209.450651] SLOW spr round 144 (radius: 15)
[79:01:17 -80191.211282] SLOW spr round 145 (radius: 5)
[79:23:27 -80191.211282] SLOW spr round 146 (radius: 10)
[79:52:59 -80191.211282] SLOW spr round 147 (radius: 15)
[80:28:34 -80191.211282] SLOW spr round 148 (radius: 20)
[81:11:17 -80099.135085] SLOW spr round 149 (radius: 5)
[81:35:32 -80089.122366] SLOW spr round 150 (radius: 5)
[81:57:35 -80089.122366] SLOW spr round 151 (radius: 10)
[82:27:10 -80089.122366] SLOW spr round 152 (radius: 15)
[83:03:00 -80089.122366] SLOW spr round 153 (radius: 20)
[83:45:57 -80079.507082] SLOW spr round 154 (radius: 5)
[84:09:59 -80079.507082] SLOW spr round 155 (radius: 10)
[84:39:32 -80079.507082] SLOW spr round 156 (radius: 15)
[85:15:12 -80079.507082] SLOW spr round 157 (radius: 20)
[85:56:56 -80079.507082] SLOW spr round 158 (radius: 25)
[87:03:04 -79745.872068] SLOW spr round 159 (radius: 5)
[87:27:53 -79662.100142] SLOW spr round 160 (radius: 5)
[87:49:40 -79634.156433] SLOW spr round 161 (radius: 5)
[88:11:20 -79634.156433] SLOW spr round 162 (radius: 10)
[88:41:46 -79604.264451] SLOW spr round 163 (radius: 5)
[89:03:26 -79593.334543] SLOW spr round 164 (radius: 5)
[89:25:09 -79593.334543] SLOW spr round 165 (radius: 10)
[89:55:26 -79593.334543] SLOW spr round 166 (radius: 15)
[90:34:20 -79391.887416] SLOW spr round 167 (radius: 5)
[90:57:29 -79219.715921] SLOW spr round 168 (radius: 5)
[91:19:10 -79219.715919] SLOW spr round 169 (radius: 10)
[91:49:04 -79210.091512] SLOW spr round 170 (radius: 5)
[92:10:49 -79210.091512] SLOW spr round 171 (radius: 10)
[92:40:33 -79210.091512] SLOW spr round 172 (radius: 15)
[93:19:47 -79095.706504] SLOW spr round 173 (radius: 5)
[93:42:04 -79080.108244] SLOW spr round 174 (radius: 5)
[94:03:58 -79080.108244] SLOW spr round 175 (radius: 10)
[94:33:43 -79080.108244] SLOW spr round 176 (radius: 15)
[95:11:33 -79070.482259] SLOW spr round 177 (radius: 5)
[95:33:32 -79070.482259] SLOW spr round 178 (radius: 10)
[96:03:15 -79070.482259] SLOW spr round 179 (radius: 15)
[96:40:54 -79070.482259] SLOW spr round 180 (radius: 20)
[97:26:51 -78946.664521] SLOW spr round 181 (radius: 5)
[97:51:05 -78928.398096] SLOW spr round 182 (radius: 5)
[98:13:11 -78928.398096] SLOW spr round 183 (radius: 10)
[98:42:44 -78928.398096] SLOW spr round 184 (radius: 15)
[99:20:00 -78898.700649] SLOW spr round 185 (radius: 5)
[99:20:39] [worker #2] ML tree search #3, logLikelihood: -77707.989181
[99:42:17 -78898.700649] SLOW spr round 186 (radius: 10)
[100:11:53 -78898.700649] SLOW spr round 187 (radius: 15)
[100:49:07 -78898.700649] SLOW spr round 188 (radius: 20)
[100:52:42] [worker #4] ML tree search #5, logLikelihood: -78083.063807
[101:34:11 -78860.887219] SLOW spr round 189 (radius: 5)
[101:58:42 -78835.064352] SLOW spr round 190 (radius: 5)
[102:20:47 -78835.064352] SLOW spr round 191 (radius: 10)
[102:50:36 -78835.064352] SLOW spr round 192 (radius: 15)
[103:27:49 -78835.064352] SLOW spr round 193 (radius: 20)
[104:12:11 -78835.064352] SLOW spr round 194 (radius: 25)
[104:48:07] [worker #4] ML tree search #12, logLikelihood: -74931.464409
[105:16:17 -78653.305988] SLOW spr round 195 (radius: 5)
[105:41:44 -78523.432308] SLOW spr round 196 (radius: 5)
[106:04:02 -78523.432308] SLOW spr round 197 (radius: 10)
[106:34:04 -78363.971655] SLOW spr round 198 (radius: 5)
[106:56:17 -78314.306180] SLOW spr round 199 (radius: 5)
[107:18:29 -78314.306180] SLOW spr round 200 (radius: 10)
[107:47:45 -78293.634605] SLOW spr round 201 (radius: 5)
[108:09:39 -78293.634605] SLOW spr round 202 (radius: 10)
[108:28:46] [worker #4] ML tree search #19, logLikelihood: -74941.875441
[108:38:34 -78293.634605] SLOW spr round 203 (radius: 15)
[109:13:15 -78251.615887] SLOW spr round 204 (radius: 5)
[109:35:09 -78251.615886] SLOW spr round 205 (radius: 10)
[110:03:37 -78251.615886] SLOW spr round 206 (radius: 15)
[110:38:13 -78251.615886] SLOW spr round 207 (radius: 20)
[111:19:57 -78186.147703] SLOW spr round 208 (radius: 5)
[111:41:17] [worker #3] ML tree search #4, logLikelihood: -78001.878319
[111:43:31 -78152.354874] SLOW spr round 209 (radius: 5)
[112:04:58 -78152.354874] SLOW spr round 210 (radius: 10)
[112:33:45 -78106.431411] SLOW spr round 211 (radius: 5)
[112:55:28 -78106.431411] SLOW spr round 212 (radius: 10)
[113:24:00 -78106.431411] SLOW spr round 213 (radius: 15)
[113:58:56 -78097.267282] SLOW spr round 214 (radius: 5)
[114:20:48 -78097.267282] SLOW spr round 215 (radius: 10)
[114:49:32 -78097.267282] SLOW spr round 216 (radius: 15)
[115:24:22 -78097.267282] SLOW spr round 217 (radius: 20)
[116:05:22 -78097.267282] SLOW spr round 218 (radius: 25)
[116:13:57] [worker #6] ML tree search #7, logLikelihood: -77308.176189
[117:10:23 -77939.453846] SLOW spr round 219 (radius: 5)
[117:35:35 -77897.605500] SLOW spr round 220 (radius: 5)
[117:57:51 -77897.605500] SLOW spr round 221 (radius: 10)
[118:02:36] [worker #1] ML tree search #2, logLikelihood: -77216.964603
[118:27:18 -77897.605500] SLOW spr round 222 (radius: 15)
[118:45:30] [worker #3] ML tree search #11, logLikelihood: -74943.176855
[119:02:42 -77897.605500] SLOW spr round 223 (radius: 20)
[119:43:48 -77824.527420] SLOW spr round 224 (radius: 5)
[120:07:03] [worker #6] ML tree search #14, logLikelihood: -74947.872644
[120:08:18 -77824.527420] SLOW spr round 225 (radius: 10)
[120:37:24 -77814.490200] SLOW spr round 226 (radius: 5)
[120:59:15 -77814.490200] SLOW spr round 227 (radius: 10)
[121:28:05 -77814.490200] SLOW spr round 228 (radius: 15)
[122:02:54 -77814.490200] SLOW spr round 229 (radius: 20)
[122:16:10] [worker #3] ML tree search #18, logLikelihood: -74953.854729
[122:42:51 -77772.692546] SLOW spr round 230 (radius: 5)
[123:04:56 -77772.692546] SLOW spr round 231 (radius: 10)
[123:33:35 -77772.692546] SLOW spr round 232 (radius: 15)
[124:08:15 -77772.692546] SLOW spr round 233 (radius: 20)
[124:47:42 -77772.692546] SLOW spr round 234 (radius: 25)
[125:49:03 -77734.722372] SLOW spr round 235 (radius: 5)
[126:12:41 -77734.722372] SLOW spr round 236 (radius: 10)
[126:40:56 -77734.722372] SLOW spr round 237 (radius: 15)
[127:15:09 -77734.722372] SLOW spr round 238 (radius: 20)
[127:54:31 -77734.722372] SLOW spr round 239 (radius: 25)
[128:52:56 -77734.722372] Model parameter optimization (eps = 0.100000)

[128:53:48] [worker #0] ML tree search #1, logLikelihood: -77723.525711

[128:53:49 -4012265.168875] Initial branch length optimization
[128:55:20 -272164.601936] Model parameter optimization (eps = 10.000000)
[129:03:48 -185057.065409] AUTODETECT spr round 1 (radius: 5)
[129:22:15 -158996.792454] AUTODETECT spr round 2 (radius: 10)
[129:46:10 -140644.466240] AUTODETECT spr round 3 (radius: 15)
[130:16:38 -128321.828954] AUTODETECT spr round 4 (radius: 20)
[130:44:44 -108201.708562] AUTODETECT spr round 5 (radius: 25)
[131:17:28 -102535.750707] SPR radius for FAST iterations: 25 (autodetect)
[131:17:29 -102535.750707] Model parameter optimization (eps = 3.000000)
[131:18:45 -102049.847701] FAST spr round 1 (radius: 25)
[132:14:05 -94230.629193] FAST spr round 2 (radius: 25)
[132:56:40 -94030.453004] FAST spr round 3 (radius: 25)
[133:30:05 -93899.600683] FAST spr round 4 (radius: 25)
[133:59:56 -93864.494335] FAST spr round 5 (radius: 25)
[134:28:07 -93864.494335] Model parameter optimization (eps = 1.000000)
[134:28:56 -93856.767668] SLOW spr round 1 (radius: 5)
[134:54:26 -93856.765586] SLOW spr round 2 (radius: 10)
[135:25:58 -93856.765585] SLOW spr round 3 (radius: 15)
[136:05:20 -93856.765585] SLOW spr round 4 (radius: 20)
[137:14:48 -93820.147174] SLOW spr round 5 (radius: 5)
[137:41:45 -93810.291891] SLOW spr round 6 (radius: 5)
[138:05:56 -93810.291891] SLOW spr round 7 (radius: 10)
[138:37:31 -93810.291891] SLOW spr round 8 (radius: 15)
[139:16:41 -93810.291891] SLOW spr round 9 (radius: 20)
[140:25:03 -93810.291891] SLOW spr round 10 (radius: 25)
[141:50:37 -91640.507119] SLOW spr round 11 (radius: 5)
[142:17:55 -91016.623164] SLOW spr round 12 (radius: 5)
[142:42:58 -90853.684127] SLOW spr round 13 (radius: 5)
[143:06:42 -90824.965331] SLOW spr round 14 (radius: 5)
[143:30:13 -90824.965331] SLOW spr round 15 (radius: 10)
[144:01:23 -90477.590294] SLOW spr round 16 (radius: 5)
[144:26:09 -90281.292964] SLOW spr round 17 (radius: 5)
[144:49:43 -90265.001791] SLOW spr round 18 (radius: 5)
[145:13:08 -90265.001791] SLOW spr round 19 (radius: 10)
[145:44:01 -90008.445853] SLOW spr round 20 (radius: 5)
[146:08:26 -89975.196072] SLOW spr round 21 (radius: 5)
[146:32:12 -89975.196071] SLOW spr round 22 (radius: 10)
[147:03:18 -89846.889591] SLOW spr round 23 (radius: 5)
[147:27:27 -89833.902813] SLOW spr round 24 (radius: 5)
[147:51:10 -89833.902813] SLOW spr round 25 (radius: 10)
[148:21:08 -89816.350530] SLOW spr round 26 (radius: 5)
[148:44:58 -89787.369774] SLOW spr round 27 (radius: 5)
[149:08:47 -89787.369773] SLOW spr round 28 (radius: 10)
[149:38:43 -89787.369773] SLOW spr round 29 (radius: 15)
[150:15:27 -89483.542140] SLOW spr round 30 (radius: 5)
[150:42:10 -89432.043993] SLOW spr round 31 (radius: 5)
[151:06:07 -89432.043991] SLOW spr round 32 (radius: 10)
[151:38:11 -89154.726312] SLOW spr round 33 (radius: 5)
[152:02:39 -89071.590838] SLOW spr round 34 (radius: 5)
[152:26:05 -89033.365181] SLOW spr round 35 (radius: 5)
[152:49:23 -89033.365180] SLOW spr round 36 (radius: 10)
[153:20:44 -88910.084872] SLOW spr round 37 (radius: 5)
[153:43:55 -88910.084866] SLOW spr round 38 (radius: 10)
[154:14:28 -88885.730382] SLOW spr round 39 (radius: 5)
[154:38:01 -88843.401134] SLOW spr round 40 (radius: 5)
[155:01:12 -88843.401133] SLOW spr round 41 (radius: 10)
[155:31:39 -88843.401133] SLOW spr round 42 (radius: 15)
[156:08:42 -88616.049177] SLOW spr round 43 (radius: 5)
[156:33:53 -88573.504900] SLOW spr round 44 (radius: 5)
[156:56:39 -88573.504899] SLOW spr round 45 (radius: 10)
[157:27:59 -88486.867729] SLOW spr round 46 (radius: 5)
[157:50:48 -88486.867729] SLOW spr round 47 (radius: 10)
[158:21:14 -88449.024698] SLOW spr round 48 (radius: 5)
[158:44:01 -88441.847286] SLOW spr round 49 (radius: 5)
[159:06:42 -88441.847286] SLOW spr round 50 (radius: 10)
[159:36:45 -88441.847286] SLOW spr round 51 (radius: 15)
[160:15:02 -87632.616647] SLOW spr round 52 (radius: 5)
[160:39:22 -87266.430337] SLOW spr round 53 (radius: 5)
[161:01:46 -87266.430335] SLOW spr round 54 (radius: 10)
[161:32:12 -87087.899334] SLOW spr round 55 (radius: 5)
[161:54:53 -87059.539626] SLOW spr round 56 (radius: 5)
[162:17:25 -87059.539625] SLOW spr round 57 (radius: 10)
[162:47:10 -87051.503392] SLOW spr round 58 (radius: 5)
[163:09:50 -87033.438153] SLOW spr round 59 (radius: 5)
[163:32:26 -87033.438153] SLOW spr round 60 (radius: 10)
[164:02:04 -87033.438153] SLOW spr round 61 (radius: 15)
[164:39:46 -86288.237750] SLOW spr round 62 (radius: 5)
[165:04:05 -85972.165099] SLOW spr round 63 (radius: 5)
[165:27:33 -85888.256674] SLOW spr round 64 (radius: 5)
[165:50:00 -85888.256674] SLOW spr round 65 (radius: 10)
[166:21:00 -85431.604773] SLOW spr round 66 (radius: 5)
[166:44:51 -85326.297423] SLOW spr round 67 (radius: 5)
[167:07:13 -85326.297420] SLOW spr round 68 (radius: 10)
[167:38:23 -85259.166082] SLOW spr round 69 (radius: 5)
[168:00:55 -85251.547183] SLOW spr round 70 (radius: 5)
[168:23:24 -85251.547183] SLOW spr round 71 (radius: 10)
[168:53:01 -85251.547183] SLOW spr round 72 (radius: 15)
[169:29:42 -84947.950746] SLOW spr round 73 (radius: 5)
[169:54:14 -84854.549457] SLOW spr round 74 (radius: 5)
[170:17:01 -84854.549456] SLOW spr round 75 (radius: 10)
[170:48:00 -84670.078989] SLOW spr round 76 (radius: 5)
[171:12:21 -84547.646075] SLOW spr round 77 (radius: 5)
[171:35:44 -84539.159324] SLOW spr round 78 (radius: 5)
[171:58:55 -84539.159324] SLOW spr round 79 (radius: 10)
[172:29:18 -84528.151576] SLOW spr round 80 (radius: 5)
[172:53:04 -84528.151576] SLOW spr round 81 (radius: 10)
[173:23:34 -84528.151576] SLOW spr round 82 (radius: 15)
[174:00:20 -84330.832868] SLOW spr round 83 (radius: 5)
[174:24:44 -84154.820595] SLOW spr round 84 (radius: 5)
[174:48:02 -84154.820594] SLOW spr round 85 (radius: 10)
[175:18:44 -84080.526764] SLOW spr round 86 (radius: 5)
[175:41:37 -84080.526763] SLOW spr round 87 (radius: 10)
[176:10:49 -84080.526763] SLOW spr round 88 (radius: 15)
[176:45:57 -84057.019180] SLOW spr round 89 (radius: 5)
[177:09:26 -84048.294230] SLOW spr round 90 (radius: 5)
[177:32:11 -84048.294230] SLOW spr round 91 (radius: 10)
[178:01:16 -84048.294230] SLOW spr round 92 (radius: 15)
[178:35:57 -84048.294230] SLOW spr round 93 (radius: 20)
[179:16:52 -83663.441299] SLOW spr round 94 (radius: 5)
[179:42:19 -83582.988455] SLOW spr round 95 (radius: 5)
[180:04:53 -83582.988454] SLOW spr round 96 (radius: 10)
[180:35:54 -83490.656336] SLOW spr round 97 (radius: 5)
[180:58:44 -83480.666394] SLOW spr round 98 (radius: 5)
[181:21:03 -83480.666394] SLOW spr round 99 (radius: 10)
[181:50:15 -83480.666394] SLOW spr round 100 (radius: 15)
[182:27:38 -83418.473014] SLOW spr round 101 (radius: 5)
[182:51:38 -83409.603981] SLOW spr round 102 (radius: 5)
[183:14:03 -83409.603981] SLOW spr round 103 (radius: 10)
[183:43:14 -83409.603981] SLOW spr round 104 (radius: 15)
[184:18:43 -83409.603981] SLOW spr round 105 (radius: 20)
[185:02:19 -83038.855864] SLOW spr round 106 (radius: 5)
[185:27:00 -82981.681399] SLOW spr round 107 (radius: 5)
[185:49:08 -82981.681399] SLOW spr round 108 (radius: 10)
[186:19:14 -82849.604472] SLOW spr round 109 (radius: 5)
[186:41:36 -82849.604472] SLOW spr round 110 (radius: 10)
[187:10:41 -82849.604472] SLOW spr round 111 (radius: 15)
[187:46:17 -82805.778605] SLOW spr round 112 (radius: 5)
[188:09:41 -82805.778605] SLOW spr round 113 (radius: 10)
[188:38:45 -82805.778605] SLOW spr round 114 (radius: 15)
[189:13:52 -82805.778605] SLOW spr round 115 (radius: 20)
[189:37:44] [worker #2] ML tree search #10, logLikelihood: -78448.825132
[189:57:30 -82621.669851] SLOW spr round 116 (radius: 5)
[190:22:47 -82588.951413] SLOW spr round 117 (radius: 5)
[190:45:27 -82588.951413] SLOW spr round 118 (radius: 10)
[191:15:06 -82569.891580] SLOW spr round 119 (radius: 5)
[191:37:38 -82569.891580] SLOW spr round 120 (radius: 10)
[192:07:13 -82569.891580] SLOW spr round 121 (radius: 15)
[192:44:22 -82507.452794] SLOW spr round 122 (radius: 5)
[193:08:38 -82507.452793] SLOW spr round 123 (radius: 10)
[193:38:07 -82507.452793] SLOW spr round 124 (radius: 15)
[193:45:40] [worker #2] ML tree search #17, logLikelihood: -74950.109931
[194:13:52 -82507.452793] SLOW spr round 125 (radius: 20)
[194:57:31 -82409.084860] SLOW spr round 126 (radius: 5)
[195:21:37 -82409.084859] SLOW spr round 127 (radius: 10)
[195:51:41 -82351.225602] SLOW spr round 128 (radius: 5)
[196:14:04 -82351.225602] SLOW spr round 129 (radius: 10)
[196:42:59 -82351.225602] SLOW spr round 130 (radius: 15)
[197:18:27 -82351.225602] SLOW spr round 131 (radius: 20)
[198:02:13 -82285.052125] SLOW spr round 132 (radius: 5)
[198:26:28 -82285.052124] SLOW spr round 133 (radius: 10)
[198:55:25 -82285.052124] SLOW spr round 134 (radius: 15)
[199:30:52 -82260.560433] SLOW spr round 135 (radius: 5)
[199:53:50 -82260.560433] SLOW spr round 136 (radius: 10)
[200:22:48 -82260.560433] SLOW spr round 137 (radius: 15)
[200:58:28 -82260.560433] SLOW spr round 138 (radius: 20)
[201:41:12 -82242.378831] SLOW spr round 139 (radius: 5)
[202:05:20 -82242.378831] SLOW spr round 140 (radius: 10)
[202:34:20 -82242.378831] SLOW spr round 141 (radius: 15)
[203:09:35 -82242.378831] SLOW spr round 142 (radius: 20)
[203:52:11 -82242.378831] SLOW spr round 143 (radius: 25)
[204:56:42 -82123.099891] SLOW spr round 144 (radius: 5)
[205:21:10 -82123.099891] SLOW spr round 145 (radius: 10)
[205:50:19 -82123.099891] SLOW spr round 146 (radius: 15)
[206:25:47 -82123.099891] SLOW spr round 147 (radius: 20)
[207:08:23 -82123.099891] SLOW spr round 148 (radius: 25)
[207:55:26] [worker #1] ML tree search #9, logLikelihood: -77726.749769
[208:11:58 -82066.655235] SLOW spr round 149 (radius: 5)
[208:37:30 -82031.235533] SLOW spr round 150 (radius: 5)
[208:59:46 -82031.235533] SLOW spr round 151 (radius: 10)
[209:28:47 -82021.669567] SLOW spr round 152 (radius: 5)
[209:51:05 -82021.669567] SLOW spr round 153 (radius: 10)
[210:19:57 -82021.669567] SLOW spr round 154 (radius: 15)
[210:55:20 -82021.669567] SLOW spr round 155 (radius: 20)
[211:37:05 -82021.669567] SLOW spr round 156 (radius: 25)
[212:27:33] [worker #1] ML tree search #16, logLikelihood: -74950.600211
[212:33:38 -82021.669567] Model parameter optimization (eps = 0.100000)

[212:34:13] [worker #0] ML tree search #8, logLikelihood: -82016.786139

[212:34:14 -3919944.774637] Initial branch length optimization
[212:34:51 -78109.572976] Model parameter optimization (eps = 10.000000)
[212:36:36 -74957.733886] AUTODETECT spr round 1 (radius: 5)
[213:02:04 -74955.186436] AUTODETECT spr round 2 (radius: 10)
[213:28:27 -74955.186436] SPR radius for FAST iterations: 5 (autodetect)
[213:28:28 -74955.186436] Model parameter optimization (eps = 3.000000)
[213:28:44 -74955.184340] FAST spr round 1 (radius: 5)
[213:55:01 -74955.184340] Model parameter optimization (eps = 1.000000)
[213:55:12 -74955.184282] SLOW spr round 1 (radius: 5)
[214:28:12 -74955.184282] SLOW spr round 2 (radius: 10)
[215:00:27 -74955.184282] SLOW spr round 3 (radius: 15)
[215:33:39 -74955.184282] SLOW spr round 4 (radius: 20)
[216:08:18 -74955.184282] SLOW spr round 5 (radius: 25)
[216:46:36 -74954.759540] SLOW spr round 6 (radius: 5)
[217:19:36 -74954.759540] SLOW spr round 7 (radius: 10)
[217:52:00 -74954.759540] SLOW spr round 8 (radius: 15)
[218:25:07 -74954.759540] SLOW spr round 9 (radius: 20)
[218:59:40 -74954.759540] SLOW spr round 10 (radius: 25)
[219:38:04 -74954.759540] Model parameter optimization (eps = 0.100000)

[219:38:16] [worker #0] ML tree search #15, logLikelihood: -74954.759260


Optimized model parameters:

   Partition 0: noname
   Rate heterogeneity: GAMMA (4 cats, mean),  alpha: 0.351577 (ML),  weights&rates: (0.250000,0.010393) (0.250000,0.144781) (0.250000,0.673079) (0.250000,3.171747) 
   Base frequencies (ML): 0.299248 0.172082 0.182643 0.346027 
   Substitution rates (ML): 0.096962 0.532181 0.069324 0.088911 1.517604 1.000000 


Final LogLikelihood: -74931.464409

AIC score: 168578.928818 / AICc score: 177105.167330 / BIC score: 246303.801261
Free parameters (model + branch lengths): 9358

WARNING: Best ML tree contains 4098 near-zero branches!

Best ML tree with collapsed near-zero branches saved to: /mnt/alex/sim/raxml1.raxml.bestTreeCollapsed
Best ML tree saved to: /mnt/alex/sim/raxml1.raxml.bestTree
All ML trees saved to: /mnt/alex/sim/raxml1.raxml.mlTrees
Optimized model saved to: /mnt/alex/sim/raxml1.raxml.bestModel

Execution log saved to: /mnt/alex/sim/raxml1.raxml.log

Analysis started: 17-Mar-2022 23:54:17 / finished: 27-Mar-2022 03:32:36

Elapsed time: 790698.808 seconds

